  [1m[35m (1767.8ms)[0m  [1m[35mCREATE DATABASE "rails_backend_development" ENCODING = 'unicode'[0m
  [1m[35m (367.9ms)[0m  [1m[35mCREATE DATABASE "rails_backend_test" ENCODING = 'unicode'[0m
Started GET "/hello_world" for ::1 at 2021-08-03 14:51:47 +0900
  
ActionController::RoutingError (No route matches [GET] "/hello_world"):
  
Started GET "/hello_world" for ::1 at 2021-08-03 14:52:03 +0900
  
ActionController::RoutingError (No route matches [GET] "/hello_world"):
  
Started GET "/hello_world" for ::1 at 2021-08-03 14:57:13 +0900
Processing by ApplicationController#hello_world as */*
  Parameters: {"application"=>{}}
Completed 200 OK in 109ms (Views: 0.6ms | ActiveRecord: 0.0ms | Allocations: 3410)


Started GET "/hello_world" for ::1 at 2021-08-03 14:57:46 +0900
Processing by ApplicationController#hello_world as */*
  Parameters: {"application"=>{}}
Completed 200 OK in 29ms (Views: 0.4ms | ActiveRecord: 0.0ms | Allocations: 2290)


Started GET "/" for ::1 at 2021-08-03 14:57:52 +0900
Processing by Rails::WelcomeController#index as HTML
  Rendering vendor/bundle/ruby/2.6.0/gems/railties-6.1.4/lib/rails/templates/rails/welcome/index.html.erb
  Rendered vendor/bundle/ruby/2.6.0/gems/railties-6.1.4/lib/rails/templates/rails/welcome/index.html.erb (Duration: 25.1ms | Allocations: 489)
Completed 200 OK in 189ms (Views: 52.4ms | ActiveRecord: 0.0ms | Allocations: 4232)


Started GET "/favicon.ico" for ::1 at 2021-08-03 14:57:53 +0900
  
ActionController::RoutingError (No route matches [GET] "/favicon.ico"):
  
Started GET "/hello_world" for ::1 at 2021-08-03 14:58:07 +0900
Processing by ApplicationController#hello_world as HTML
Completed 200 OK in 1ms (Views: 0.4ms | ActiveRecord: 0.0ms | Allocations: 146)


Started GET "/hello_world" for ::1 at 2021-08-03 14:58:13 +0900
Processing by ApplicationController#hello_world as */*
  Parameters: {"application"=>{}}
Completed 200 OK in 1ms (Views: 0.2ms | ActiveRecord: 0.0ms | Allocations: 95)


Started GET "/hello_world" for ::1 at 2021-08-03 14:59:05 +0900
Processing by ApplicationController#hello_world as */*
  Parameters: {"application"=>{}}
Completed 200 OK in 1ms (Views: 0.2ms | ActiveRecord: 0.0ms | Allocations: 94)


Started GET "/hello_world" for ::1 at 2021-08-03 14:59:52 +0900
Processing by ApplicationController#hello_world as */*
  Parameters: {"application"=>{}}
Completed 200 OK in 1ms (Views: 0.2ms | ActiveRecord: 0.0ms | Allocations: 91)


Started GET "/hello_world" for ::1 at 2021-08-03 15:00:07 +0900
Processing by ApplicationController#hello_world as */*
  Parameters: {"application"=>{}}
Completed 200 OK in 1ms (Views: 0.4ms | ActiveRecord: 0.0ms | Allocations: 91)


Started GET "/hello_world" for ::1 at 2021-08-03 15:00:11 +0900
Processing by ApplicationController#hello_world as */*
  Parameters: {"application"=>{}}
Completed 200 OK in 0ms (Views: 0.2ms | ActiveRecord: 0.0ms | Allocations: 91)


Started GET "/hello_world" for ::1 at 2021-08-03 15:00:16 +0900
Processing by ApplicationController#hello_world as */*
  Parameters: {"application"=>{}}
Completed 200 OK in 1ms (Views: 0.4ms | ActiveRecord: 0.0ms | Allocations: 91)


Started GET "/hello_world" for ::1 at 2021-08-03 15:01:06 +0900
Processing by ApplicationController#hello_world as */*
  Parameters: {"application"=>{}}
Completed 200 OK in 1ms (Views: 0.3ms | ActiveRecord: 0.0ms | Allocations: 91)


Started GET "/hello_world" for ::1 at 2021-08-03 15:01:07 +0900
Processing by ApplicationController#hello_world as */*
  Parameters: {"application"=>{}}
Completed 200 OK in 0ms (Views: 0.2ms | ActiveRecord: 0.0ms | Allocations: 91)


Started GET "/hello_world" for ::1 at 2021-08-03 15:01:08 +0900
Processing by ApplicationController#hello_world as */*
  Parameters: {"application"=>{}}
Completed 200 OK in 6ms (Views: 5.3ms | ActiveRecord: 0.0ms | Allocations: 91)


Started GET "/hello_world" for ::1 at 2021-08-03 15:01:10 +0900
Processing by ApplicationController#hello_world as */*
  Parameters: {"application"=>{}}
Completed 200 OK in 2ms (Views: 0.3ms | ActiveRecord: 0.0ms | Allocations: 91)


Started GET "/hello_world" for ::1 at 2021-08-03 15:01:19 +0900
Processing by ApplicationController#hello_world as */*
  Parameters: {"application"=>{}}
Completed 200 OK in 0ms (Views: 0.2ms | ActiveRecord: 0.0ms | Allocations: 91)


Started GET "/hello_world" for ::1 at 2021-08-03 15:01:31 +0900
Processing by ApplicationController#hello_world as */*
  Parameters: {"application"=>{}}
Completed 200 OK in 1ms (Views: 0.3ms | ActiveRecord: 0.0ms | Allocations: 91)


Started GET "/hello_world" for ::1 at 2021-08-03 15:01:39 +0900
Processing by ApplicationController#hello_world as */*
  Parameters: {"application"=>{}}
Completed 200 OK in 0ms (Views: 0.2ms | ActiveRecord: 0.0ms | Allocations: 91)


Started GET "/hello_world" for ::1 at 2021-08-03 15:01:41 +0900
Processing by ApplicationController#hello_world as */*
  Parameters: {"application"=>{}}
Completed 200 OK in 0ms (Views: 0.1ms | ActiveRecord: 0.0ms | Allocations: 91)


Started GET "/hello_world" for ::1 at 2021-08-03 15:02:29 +0900
Processing by ApplicationController#hello_world as */*
  Parameters: {"application"=>{}}
Completed 200 OK in 43ms (Views: 30.8ms | ActiveRecord: 0.0ms | Allocations: 98)


Started GET "/hello_world" for ::1 at 2021-08-03 15:02:45 +0900
Processing by ApplicationController#hello_world as */*
  Parameters: {"application"=>{}}
Completed 200 OK in 1ms (Views: 0.3ms | ActiveRecord: 0.0ms | Allocations: 91)


Started GET "/hello_world" for ::1 at 2021-08-03 15:03:05 +0900
Processing by ApplicationController#hello_world as */*
  Parameters: {"application"=>{}}
Completed 200 OK in 0ms (Views: 0.1ms | ActiveRecord: 0.0ms | Allocations: 91)


Started GET "/hello_world" for ::1 at 2021-08-03 15:03:13 +0900
Processing by ApplicationController#hello_world as */*
  Parameters: {"application"=>{}}
Completed 200 OK in 1ms (Views: 0.5ms | ActiveRecord: 0.0ms | Allocations: 91)


Started GET "/hello_world" for ::1 at 2021-08-03 15:03:27 +0900
Processing by ApplicationController#hello_world as */*
  Parameters: {"application"=>{}}
Completed 200 OK in 0ms (Views: 0.2ms | ActiveRecord: 0.0ms | Allocations: 91)


Started GET "/hello_world" for ::1 at 2021-08-03 15:03:42 +0900
Processing by ApplicationController#hello_world as */*
  Parameters: {"application"=>{}}
Completed 200 OK in 1ms (Views: 0.6ms | ActiveRecord: 0.0ms | Allocations: 91)


Started GET "/hello_world" for ::1 at 2021-08-03 15:03:52 +0900
Processing by ApplicationController#hello_world as */*
  Parameters: {"application"=>{}}
Completed 200 OK in 2ms (Views: 0.3ms | ActiveRecord: 0.0ms | Allocations: 91)


Started GET "/hello_world" for ::1 at 2021-08-03 15:03:57 +0900
Processing by ApplicationController#hello_world as */*
  Parameters: {"application"=>{}}
Completed 200 OK in 1ms (Views: 0.3ms | ActiveRecord: 0.0ms | Allocations: 91)


Started GET "/hello_world" for ::1 at 2021-08-03 15:04:15 +0900
Processing by ApplicationController#hello_world as */*
  Parameters: {"application"=>{}}
Completed 200 OK in 1ms (Views: 0.2ms | ActiveRecord: 0.0ms | Allocations: 91)


Started GET "/hello_world" for ::1 at 2021-08-03 15:04:23 +0900
Processing by ApplicationController#hello_world as */*
  Parameters: {"application"=>{}}
Completed 200 OK in 2ms (Views: 1.3ms | ActiveRecord: 0.0ms | Allocations: 91)


Started GET "/hello_world" for ::1 at 2021-08-03 15:04:26 +0900
Processing by ApplicationController#hello_world as */*
  Parameters: {"application"=>{}}
Completed 200 OK in 1ms (Views: 0.2ms | ActiveRecord: 0.0ms | Allocations: 92)


Started GET "/hello_world" for ::1 at 2021-08-03 15:04:29 +0900
Processing by ApplicationController#hello_world as */*
  Parameters: {"application"=>{}}
Completed 200 OK in 0ms (Views: 0.1ms | ActiveRecord: 0.0ms | Allocations: 91)


Started GET "/hello_world" for ::1 at 2021-08-03 15:04:31 +0900
Processing by ApplicationController#hello_world as */*
  Parameters: {"application"=>{}}
Completed 200 OK in 1ms (Views: 0.2ms | ActiveRecord: 0.0ms | Allocations: 91)


Started GET "/hello_world" for ::1 at 2021-08-03 15:04:45 +0900
Processing by ApplicationController#hello_world as */*
  Parameters: {"application"=>{}}
Completed 200 OK in 1ms (Views: 0.3ms | ActiveRecord: 0.0ms | Allocations: 91)


Started GET "/hello_world" for ::1 at 2021-08-03 15:04:47 +0900
Processing by ApplicationController#hello_world as */*
  Parameters: {"application"=>{}}
Completed 200 OK in 1ms (Views: 0.3ms | ActiveRecord: 0.0ms | Allocations: 91)


Started GET "/hello_world" for ::1 at 2021-08-03 15:05:01 +0900
Processing by ApplicationController#hello_world as */*
  Parameters: {"application"=>{}}
Completed 200 OK in 0ms (Views: 0.2ms | ActiveRecord: 0.0ms | Allocations: 91)


Started GET "/hello_world" for ::1 at 2021-08-03 15:05:04 +0900
Processing by ApplicationController#hello_world as */*
  Parameters: {"application"=>{}}
Completed 200 OK in 0ms (Views: 0.1ms | ActiveRecord: 0.0ms | Allocations: 91)


Started GET "/hello_world" for ::1 at 2021-08-03 15:05:15 +0900
Processing by ApplicationController#hello_world as */*
  Parameters: {"application"=>{}}
Completed 200 OK in 0ms (Views: 0.1ms | ActiveRecord: 0.0ms | Allocations: 91)


Started GET "/hello_world" for ::1 at 2021-08-03 15:05:25 +0900
Processing by ApplicationController#hello_world as */*
  Parameters: {"application"=>{}}
Completed 200 OK in 1ms (Views: 0.4ms | ActiveRecord: 0.0ms | Allocations: 91)


Started GET "/hello_world" for ::1 at 2021-08-03 15:05:28 +0900
Processing by ApplicationController#hello_world as */*
  Parameters: {"application"=>{}}
Completed 200 OK in 1ms (Views: 0.2ms | ActiveRecord: 0.0ms | Allocations: 91)


Started GET "/hello_world" for ::1 at 2021-08-03 15:05:55 +0900
Processing by ApplicationController#hello_world as */*
  Parameters: {"application"=>{}}
Completed 200 OK in 1ms (Views: 0.2ms | ActiveRecord: 0.0ms | Allocations: 91)


Started GET "/hello_world" for ::1 at 2021-08-03 15:06:12 +0900
Processing by ApplicationController#hello_world as */*
  Parameters: {"application"=>{}}
Completed 200 OK in 1ms (Views: 0.2ms | ActiveRecord: 0.0ms | Allocations: 91)


Started GET "/hello_world" for ::1 at 2021-08-03 15:07:05 +0900
Processing by ApplicationController#hello_world as */*
  Parameters: {"application"=>{}}
Completed 200 OK in 0ms (Views: 0.1ms | ActiveRecord: 0.0ms | Allocations: 91)


Started GET "/hello_world" for ::1 at 2021-08-03 15:07:08 +0900
Processing by ApplicationController#hello_world as */*
  Parameters: {"application"=>{}}
Completed 200 OK in 1ms (Views: 0.2ms | ActiveRecord: 0.0ms | Allocations: 91)


Started GET "/hello_world" for ::1 at 2021-08-03 15:07:26 +0900
Processing by ApplicationController#hello_world as */*
  Parameters: {"application"=>{}}
Completed 200 OK in 1ms (Views: 0.3ms | ActiveRecord: 0.0ms | Allocations: 91)


Started GET "/hello_world" for ::1 at 2021-08-03 15:07:38 +0900
Processing by ApplicationController#hello_world as */*
  Parameters: {"application"=>{}}
Completed 200 OK in 0ms (Views: 0.2ms | ActiveRecord: 0.0ms | Allocations: 91)


Started GET "/hello_world" for ::1 at 2021-08-03 15:08:35 +0900
Processing by ApplicationController#hello_world as */*
  Parameters: {"application"=>{}}
Completed 200 OK in 1ms (Views: 0.3ms | Allocations: 91)


Started GET "/hello_world" for ::1 at 2021-08-03 15:09:27 +0900
Processing by ApplicationController#hello_world as */*
  Parameters: {"application"=>{}}
Completed 200 OK in 1ms (Views: 0.3ms | Allocations: 91)


Started GET "/" for ::1 at 2021-08-03 15:10:22 +0900
Processing by Rails::WelcomeController#index as */*
  Rendering vendor/bundle/ruby/2.6.0/gems/railties-6.1.4/lib/rails/templates/rails/welcome/index.html.erb
  Rendered vendor/bundle/ruby/2.6.0/gems/railties-6.1.4/lib/rails/templates/rails/welcome/index.html.erb (Duration: 17.0ms | Allocations: 197)
Completed 200 OK in 25ms (Views: 19.3ms | Allocations: 878)


Started GET "/hello_word/" for ::1 at 2021-08-03 15:10:27 +0900
  
ActionController::RoutingError (No route matches [GET] "/hello_word"):
  
Started GET "/hello_word" for ::1 at 2021-08-03 15:10:28 +0900
  
ActionController::RoutingError (No route matches [GET] "/hello_word"):
  
Started GET "/hello_word" for ::1 at 2021-08-03 15:10:33 +0900
  
ActionController::RoutingError (No route matches [GET] "/hello_word"):
  
Started GET "/hello_world" for ::1 at 2021-08-03 15:10:48 +0900
Processing by ApplicationController#hello_world as */*
Completed 200 OK in 3ms (Views: 1.0ms | Allocations: 91)


Started GET "/hello_world" for ::1 at 2021-08-03 15:10:54 +0900
Processing by ApplicationController#hello_world as */*
Completed 200 OK in 1ms (Views: 0.3ms | Allocations: 91)


Started GET "/hello_world" for ::1 at 2021-08-03 15:10:56 +0900
Processing by ApplicationController#hello_world as */*
Completed 200 OK in 1ms (Views: 0.4ms | Allocations: 91)


Started GET "/hello_world" for ::1 at 2021-08-03 15:11:09 +0900
Processing by ApplicationController#hello_world as */*
Completed 200 OK in 3ms (Views: 0.4ms | Allocations: 91)


Started GET "/hello_world" for ::1 at 2021-08-03 15:11:14 +0900
Processing by ApplicationController#hello_world as */*
Completed 200 OK in 1ms (Views: 0.2ms | Allocations: 91)


Started GET "/hello_world" for ::1 at 2021-08-03 15:11:26 +0900
Processing by ApplicationController#hello_world as */*
Completed 200 OK in 1ms (Views: 0.3ms | Allocations: 91)


Started GET "/hello_world" for ::1 at 2021-08-03 15:11:30 +0900
Processing by ApplicationController#hello_world as */*
Completed 200 OK in 1ms (Views: 0.3ms | Allocations: 91)


Started GET "/hello_world" for ::1 at 2021-08-03 15:12:22 +0900
Processing by ApplicationController#hello_world as */*
Completed 200 OK in 0ms (Views: 0.2ms | Allocations: 91)


Started GET "/hello_world" for ::1 at 2021-08-03 15:12:27 +0900
Processing by ApplicationController#hello_world as */*
Completed 200 OK in 1ms (Views: 0.4ms | Allocations: 91)


Started GET "/hello_world" for ::1 at 2021-08-03 15:12:42 +0900
Processing by ApplicationController#hello_world as */*
Completed 200 OK in 1ms (Views: 0.3ms | Allocations: 91)


Started GET "/hello_world" for ::1 at 2021-08-03 15:12:45 +0900
Processing by ApplicationController#hello_world as */*
Completed 200 OK in 1ms (Views: 0.2ms | Allocations: 91)


Started GET "/hello_world" for ::1 at 2021-08-03 15:12:54 +0900
Processing by ApplicationController#hello_world as */*
Completed 200 OK in 1ms (Views: 0.3ms | Allocations: 91)


Started GET "/hello_world" for ::1 at 2021-08-03 15:13:05 +0900
Processing by ApplicationController#hello_world as */*
Completed 200 OK in 0ms (Views: 0.2ms | Allocations: 91)


Started GET "/hello_world" for ::1 at 2021-08-03 15:13:10 +0900
Processing by ApplicationController#hello_world as */*
Completed 200 OK in 0ms (Views: 0.2ms | Allocations: 91)


Started GET "/hello_world" for ::1 at 2021-08-03 15:13:23 +0900
Processing by ApplicationController#hello_world as */*
Completed 200 OK in 1ms (Views: 0.4ms | Allocations: 91)


Started GET "/hello_world" for ::1 at 2021-08-03 15:13:26 +0900
Processing by ApplicationController#hello_world as */*
Completed 200 OK in 1ms (Views: 0.4ms | Allocations: 91)


Started GET "/hello_world" for ::1 at 2021-08-03 15:14:15 +0900
Processing by ApplicationController#hello_world as */*
Completed 200 OK in 1ms (Views: 0.2ms | Allocations: 91)


Started GET "/hello_world" for ::1 at 2021-08-03 15:14:16 +0900
Processing by ApplicationController#hello_world as */*
Completed 200 OK in 2ms (Views: 0.5ms | Allocations: 91)


Started GET "/hello_world" for ::1 at 2021-08-03 15:14:24 +0900
Processing by ApplicationController#hello_world as */*
Completed 200 OK in 1ms (Views: 0.3ms | Allocations: 91)


Started GET "/hello_world" for ::1 at 2021-08-03 15:47:37 +0900
Processing by ApplicationController#hello_world as */*
Completed 200 OK in 5ms (Views: 1.9ms | Allocations: 91)


  [1m[35m (4.2ms)[0m  [1m[35mCREATE DATABASE "rails_backend_development" ENCODING = 'unicode'[0m
  [1m[35m (0.5ms)[0m  [1m[35mCREATE DATABASE "rails_backend_test" ENCODING = 'unicode'[0m
  [1m[35m (98.3ms)[0m  [1m[35mCREATE TABLE "schema_migrations" ("version" character varying NOT NULL PRIMARY KEY)[0m
  [1m[35m (29.0ms)[0m  [1m[35mCREATE TABLE "ar_internal_metadata" ("key" character varying NOT NULL PRIMARY KEY, "value" character varying, "created_at" timestamp(6) NOT NULL, "updated_at" timestamp(6) NOT NULL)[0m
  [1m[35m (1.6ms)[0m  [1m[34mSELECT pg_try_advisory_lock(8663588994633227025)[0m
  [1m[35m (2.7ms)[0m  [1m[34mSELECT "schema_migrations"."version" FROM "schema_migrations" ORDER BY "schema_migrations"."version" ASC[0m
Migrating to CreateUsers (20210803151001)
  [1m[36mTRANSACTION (0.2ms)[0m  [1m[35mBEGIN[0m
  [1m[35m (28.7ms)[0m  [1m[35mCREATE TABLE "users" ("id" bigserial primary key, "line_id" character varying, "created_at" timestamp(6) NOT NULL, "updated_at" timestamp(6) NOT NULL)[0m
  [1m[36mActiveRecord::SchemaMigration Create (2.3ms)[0m  [1m[32mINSERT INTO "schema_migrations" ("version") VALUES ($1) RETURNING "version"[0m  [["version", "20210803151001"]]
  [1m[36mTRANSACTION (1.4ms)[0m  [1m[35mCOMMIT[0m
  [1m[36mActiveRecord::InternalMetadata Load (0.4ms)[0m  [1m[34mSELECT "ar_internal_metadata".* FROM "ar_internal_metadata" WHERE "ar_internal_metadata"."key" = $1 LIMIT $2[0m  [["key", "environment"], ["LIMIT", 1]]
  [1m[36mTRANSACTION (0.2ms)[0m  [1m[35mBEGIN[0m
  [1m[36mActiveRecord::InternalMetadata Create (8.3ms)[0m  [1m[32mINSERT INTO "ar_internal_metadata" ("key", "value", "created_at", "updated_at") VALUES ($1, $2, $3, $4) RETURNING "key"[0m  [["key", "environment"], ["value", "development"], ["created_at", "2021-08-03 15:11:27.890660"], ["updated_at", "2021-08-03 15:11:27.890660"]]
  [1m[36mTRANSACTION (2.5ms)[0m  [1m[35mCOMMIT[0m
  [1m[35m (0.3ms)[0m  [1m[34mSELECT pg_advisory_unlock(8663588994633227025)[0m
  [1m[35m (14.7ms)[0m  [1m[34mSELECT "schema_migrations"."version" FROM "schema_migrations" ORDER BY "schema_migrations"."version" ASC[0m
